<?xml version="1.0" encoding="UTF-8"?>
<testng-results total="1" passed="1" failed="0" skipped="0">
  <reporter-output>
  </reporter-output>
  <suite started-at="2024-01-28T14:08:17Z" name="Suite" finished-at="2024-01-28T14:08:17Z" duration-ms="33">
    <groups>
    </groups>
    <test started-at="2024-01-28T14:08:17Z" name="Test" finished-at="2024-01-28T14:08:17Z" duration-ms="33">
      <class name="com.prac.testng.TestCalc">
        <test-method is-config="true" signature="beforeMethod()[pri:0, instance:com.prac.testng.TestCalc@41005828]" started-at="2024-01-28T19:38:17Z" name="beforeMethod" finished-at="2024-01-28T19:38:17Z" duration-ms="9" status="PASS">
          <reporter-output>
          </reporter-output>
        </test-method> <!-- beforeMethod -->
        <test-method signature="testAdd()[pri:0, instance:com.prac.testng.TestCalc@41005828]" started-at="2024-01-28T19:38:17Z" name="testAdd" finished-at="2024-01-28T19:38:17Z" duration-ms="7" status="PASS">
          <reporter-output>
          </reporter-output>
        </test-method> <!-- testAdd -->
        <test-method is-config="true" signature="afterMethod()[pri:0, instance:com.prac.testng.TestCalc@41005828]" started-at="2024-01-28T19:38:17Z" name="afterMethod" finished-at="2024-01-28T19:38:17Z" duration-ms="0" status="PASS">
          <reporter-output>
          </reporter-output>
        </test-method> <!-- afterMethod -->
      </class> <!-- com.prac.testng.TestCalc -->
    </test> <!-- Test -->
  </suite> <!-- Suite -->
</testng-results>
