<?xml version="1.0" encoding="UTF-8"?>
<testng-results ignored="0" total="1" passed="1" failed="0" skipped="0">
  <reporter-output>
  </reporter-output>
  <suite started-at="2024-01-28T19:29:02 IST" name="Suite" finished-at="2024-01-28T19:29:02 IST" duration-ms="99">
    <groups>
    </groups>
    <test started-at="2024-01-28T19:29:02 IST" name="Test" finished-at="2024-01-28T19:29:02 IST" duration-ms="99">
      <class name="com.prac.testng.TestCalc">
        <test-method is-config="true" signature="beforeMethod()[pri:0, instance:com.prac.testng.TestCalc@52102734]" started-at="2024-01-28T19:29:02 IST" name="beforeMethod" finished-at="2024-01-28T19:29:02 IST" duration-ms="4" status="PASS">
          <reporter-output>
          </reporter-output>
        </test-method> <!-- beforeMethod -->
        <test-method signature="testAdd()[pri:0, instance:com.prac.testng.TestCalc@52102734]" started-at="2024-01-28T19:29:02 IST" name="testAdd" finished-at="2024-01-28T19:29:02 IST" duration-ms="15" status="PASS">
          <reporter-output>
          </reporter-output>
        </test-method> <!-- testAdd -->
        <test-method is-config="true" signature="afterMethod()[pri:0, instance:com.prac.testng.TestCalc@52102734]" started-at="2024-01-28T19:29:02 IST" name="afterMethod" finished-at="2024-01-28T19:29:02 IST" duration-ms="7" status="PASS">
          <reporter-output>
          </reporter-output>
        </test-method> <!-- afterMethod -->
      </class> <!-- com.prac.testng.TestCalc -->
    </test> <!-- Test -->
  </suite> <!-- Suite -->
</testng-results>
